<?xml version="1.0" encoding="UTF-8"?>
<testsuite name="com.draumateymid.HelloWorld.HelloWorldTest" tests="1" skipped="0" failures="0" errors="0" timestamp="2016-10-22T14:30:06" hostname="i-1217c9a8.cs1004cloud.internal" time="0.005">
  <properties/>
  <testcase name="HelloWorld" classname="com.draumateymid.HelloWorld.HelloWorldTest" time="0.005"/>
  <system-out><![CDATA[]]></system-out>
  <system-err><![CDATA[]]></system-err>
</testsuite>
